2024-02-04 19:50:40,734 - INFO - 2024-02-04 19:50:40 - Init schedule...
2024-02-04 19:51:34,647 - INFO - 2024-02-04 19:51:34 - End schedule by User Input...
2024-02-04 19:51:48,511 - INFO - 2024-02-04 19:51:48 - Init schedule...
2024-02-04 19:51:51,844 - INFO - 2024-02-04 19:51:51 - End schedule by User Input...
2024-02-04 19:53:59,833 - ERROR - 2024-02-04 19:53:59 - Error in mail_server... exit code 101: Connection unexpectedly closed
2024-02-04 19:54:13,947 - ERROR - 2024-02-04 19:54:13 - Error in mail_server... exit code 101: Connection unexpectedly closed
2024-02-04 19:56:22,911 - ERROR - 2024-02-04 19:56:22 - Error in mail_server... exit code 101: Connection unexpectedly closed
2024-02-04 19:58:01,064 - ERROR - 2024-02-04 19:58:01 - Error in mail_server... exit code 101: Connection unexpectedly closed
2024-02-04 19:58:54,430 - ERROR - 2024-02-04 19:58:54 - Error in mail_server... exit code 101: Connection unexpectedly closed
2024-02-04 19:59:58,274 - ERROR - 2024-02-04 19:59:58 - Error in mail_server... exit code 101: Connection unexpectedly closed
2024-02-04 19:59:58,276 - INFO - 2024-02-04 19:59:58 - Init schedule...
2024-02-04 19:59:58,276 - ERROR - Mail Error: 'NoneType' object has no attribute 'sendmail'
2024-02-04 20:00:24,190 - INFO - 2024-02-04 20:00:24 - Init schedule...
2024-02-04 20:00:25,039 - ERROR - 2024-02-04 20:00:25 - Error in mail_server... exit code 101: Connection unexpectedly closed
2024-02-04 20:00:25,041 - ERROR - Mail Error: 'NoneType' object has no attribute 'sendmail'
2024-02-04 20:00:50,408 - INFO - 2024-02-04 20:00:50 - Init schedule...
2024-02-04 20:00:51,763 - ERROR - 2024-02-04 20:00:51 - Error in mail_server... exit code 101: Connection unexpectedly closed
2024-02-04 20:00:51,763 - ERROR - Mail Error: 'NoneType' object has no attribute 'sendmail'
2024-02-04 20:01:31,184 - INFO - 2024-02-04 20:01:31 - Init schedule...
2024-02-04 20:01:31,912 - ERROR - 2024-02-04 20:01:31 - Error in mail_server... exit code 101: Connection unexpectedly closed
2024-02-04 20:01:31,914 - ERROR - Mail Error: 'NoneType' object has no attribute 'sendmail'
2024-02-04 20:04:00,205 - INFO - 2024-02-04 20:04:00 - Init schedule...
2024-02-04 20:04:03,435 - ERROR - 2024-02-04 20:04:03 - Error in mail_server... exit code 101: Connection unexpectedly closed
2024-02-04 20:04:03,437 - ERROR - Mail Error: please run connect() first
2024-02-04 20:04:23,485 - INFO - 2024-02-04 20:04:23 - Init schedule...
2024-02-04 20:04:24,740 - ERROR - 2024-02-04 20:04:24 - Error in mail_server... exit code 101: Connection unexpectedly closed
2024-02-04 20:04:24,743 - ERROR - Mail Error: 'NoneType' object has no attribute 'sendmail'
2024-02-04 20:05:53,201 - INFO - 2024-02-04 20:05:53 - Init schedule...
2024-02-04 20:05:54,290 - ERROR - 2024-02-04 20:05:54 - Error in mail_server... exit code 101: Connection unexpectedly closed
2024-02-04 20:05:54,291 - ERROR - Mail Error: 'NoneType' object has no attribute 'sendmail'
2024-02-04 20:05:54,291 - INFO - Email server completed
2024-02-04 20:05:54,292 - ERROR - Mail Error: 'NoneType' object has no attribute 'sendmail'
2024-02-04 20:05:54,292 - INFO - Email server completed
2024-02-04 20:05:54,292 - ERROR - Mail Error: 'NoneType' object has no attribute 'sendmail'
2024-02-04 20:05:54,292 - INFO - Email server completed
2024-02-04 20:05:54,293 - ERROR - Mail Error: 'NoneType' object has no attribute 'sendmail'
2024-02-04 20:05:54,293 - INFO - Email server completed
2024-02-04 20:05:54,293 - ERROR - Mail Error: 'NoneType' object has no attribute 'sendmail'
2024-02-04 20:05:54,293 - INFO - Email server completed
2024-02-04 20:05:54,293 - ERROR - Mail Error: 'NoneType' object has no attribute 'sendmail'
2024-02-04 20:05:54,293 - INFO - Email server completed
2024-02-04 20:05:54,294 - ERROR - Mail Error: 'NoneType' object has no attribute 'sendmail'
2024-02-04 20:05:54,294 - INFO - Email server completed
2024-02-04 20:05:54,294 - ERROR - Mail Error: 'NoneType' object has no attribute 'sendmail'
2024-02-04 20:05:54,294 - INFO - Email server completed
2024-02-04 20:05:54,294 - ERROR - Mail Error: 'NoneType' object has no attribute 'sendmail'
2024-02-04 20:05:54,294 - INFO - Email server completed
2024-02-04 20:05:54,294 - ERROR - Mail Error: 'NoneType' object has no attribute 'sendmail'
2024-02-04 20:05:54,295 - INFO - Email server completed
2024-02-04 20:05:55,300 - INFO - 2024-02-04 20:05:55 - Run loop completed...
2024-02-04 20:05:56,305 - INFO - 2024-02-04 20:05:56 - Run loop completed...
2024-02-04 20:05:57,310 - INFO - 2024-02-04 20:05:57 - Run loop completed...
2024-02-04 20:05:58,316 - INFO - 2024-02-04 20:05:58 - Run loop completed...
2024-02-04 20:05:59,322 - INFO - 2024-02-04 20:05:59 - Run loop completed...
2024-02-04 20:06:00,327 - INFO - 2024-02-04 20:06:00 - Run loop completed...
2024-02-04 20:06:01,331 - INFO - 2024-02-04 20:06:01 - Run loop completed...
2024-02-04 20:06:02,337 - INFO - 2024-02-04 20:06:02 - Run loop completed...
2024-02-04 20:06:03,340 - INFO - 2024-02-04 20:06:03 - Run loop completed...
2024-02-04 20:06:04,344 - INFO - 2024-02-04 20:06:04 - Run loop completed...
2024-02-04 20:06:05,349 - INFO - 2024-02-04 20:06:05 - Run loop completed...
2024-02-04 20:06:06,354 - INFO - 2024-02-04 20:06:06 - Run loop completed...
2024-02-04 20:06:07,357 - INFO - 2024-02-04 20:06:07 - Run loop completed...
2024-02-04 20:06:08,357 - INFO - 2024-02-04 20:06:08 - Run loop completed...
2024-02-04 20:06:09,361 - INFO - 2024-02-04 20:06:09 - Run loop completed...
2024-02-04 20:06:10,363 - INFO - 2024-02-04 20:06:10 - Run loop completed...
2024-02-04 20:06:11,368 - INFO - 2024-02-04 20:06:11 - Run loop completed...
2024-02-04 20:06:12,374 - INFO - 2024-02-04 20:06:12 - Run loop completed...
2024-02-04 20:06:13,379 - INFO - 2024-02-04 20:06:13 - Run loop completed...
2024-02-04 20:06:14,381 - INFO - 2024-02-04 20:06:14 - Run loop completed...
2024-02-04 20:06:15,353 - INFO - 2024-02-04 20:06:15 - End schedule by User Input...
2024-02-04 20:06:57,406 - INFO - 2024-02-04 20:06:57 - Init schedule...
2024-02-04 20:06:58,495 - ERROR - 2024-02-04 20:06:58 - Error in mail_server... exit code 101: Connection unexpectedly closed
2024-02-04 20:06:58,497 - ERROR - Mail Error: 'NoneType' object has no attribute 'sendmail'
2024-02-04 20:06:58,497 - INFO - Email server completed
2024-02-04 20:06:58,497 - ERROR - Mail Error: 'NoneType' object has no attribute 'sendmail'
2024-02-04 20:06:58,497 - INFO - Email server completed
2024-02-04 20:06:58,498 - ERROR - Mail Error: 'NoneType' object has no attribute 'sendmail'
2024-02-04 20:06:58,498 - INFO - Email server completed
2024-02-04 20:06:58,498 - ERROR - Mail Error: 'NoneType' object has no attribute 'sendmail'
2024-02-04 20:06:58,498 - INFO - Email server completed
2024-02-04 20:06:58,498 - ERROR - Mail Error: 'NoneType' object has no attribute 'sendmail'
2024-02-04 20:06:58,498 - INFO - Email server completed
2024-02-04 20:06:58,499 - ERROR - Mail Error: 'NoneType' object has no attribute 'sendmail'
2024-02-04 20:06:58,499 - INFO - Email server completed
2024-02-04 20:06:58,499 - ERROR - Mail Error: 'NoneType' object has no attribute 'sendmail'
2024-02-04 20:06:58,499 - INFO - Email server completed
2024-02-04 20:06:58,499 - ERROR - Mail Error: 'NoneType' object has no attribute 'sendmail'
2024-02-04 20:06:58,499 - INFO - Email server completed
2024-02-04 20:06:58,499 - ERROR - Mail Error: 'NoneType' object has no attribute 'sendmail'
2024-02-04 20:06:58,499 - INFO - Email server completed
2024-02-04 20:06:58,499 - ERROR - Mail Error: 'NoneType' object has no attribute 'sendmail'
2024-02-04 20:06:58,499 - INFO - Email server completed
2024-02-04 20:06:59,504 - INFO - 2024-02-04 20:06:59 - Run loop completed...
2024-02-04 20:07:00,508 - INFO - 2024-02-04 20:07:00 - Run loop completed...
2024-02-04 20:07:01,512 - INFO - 2024-02-04 20:07:01 - Run loop completed...
2024-02-04 20:07:02,517 - INFO - 2024-02-04 20:07:02 - Run loop completed...
2024-02-04 20:07:03,520 - INFO - 2024-02-04 20:07:03 - Run loop completed...
2024-02-04 20:07:04,526 - INFO - 2024-02-04 20:07:04 - Run loop completed...
2024-02-04 20:07:05,531 - INFO - 2024-02-04 20:07:05 - Run loop completed...
2024-02-04 20:07:06,536 - INFO - 2024-02-04 20:07:06 - Run loop completed...
2024-02-04 20:07:06,594 - INFO - 2024-02-04 20:07:06 - End schedule by User Input...
2024-02-04 20:07:28,851 - INFO - 2024-02-04 20:07:28 - Init schedule...
2024-02-04 20:07:29,638 - ERROR - 2024-02-04 20:07:29 - Error in mail_server... exit code 101: Connection unexpectedly closed
2024-02-04 20:07:29,639 - ERROR - Mail Error: 'NoneType' object has no attribute 'sendmail'
2024-02-04 20:07:29,640 - INFO - Email server completed
2024-02-04 20:07:29,640 - ERROR - Mail Error: 'NoneType' object has no attribute 'sendmail'
2024-02-04 20:07:29,640 - INFO - Email server completed
2024-02-04 20:07:29,640 - ERROR - Mail Error: 'NoneType' object has no attribute 'sendmail'
2024-02-04 20:07:29,640 - INFO - Email server completed
2024-02-04 20:07:29,640 - ERROR - Mail Error: 'NoneType' object has no attribute 'sendmail'
2024-02-04 20:07:29,640 - INFO - Email server completed
2024-02-04 20:07:29,641 - ERROR - Mail Error: 'NoneType' object has no attribute 'sendmail'
2024-02-04 20:07:29,641 - INFO - Email server completed
2024-02-04 20:07:29,641 - ERROR - Mail Error: 'NoneType' object has no attribute 'sendmail'
2024-02-04 20:07:29,641 - INFO - Email server completed
2024-02-04 20:07:29,641 - ERROR - Mail Error: 'NoneType' object has no attribute 'sendmail'
2024-02-04 20:07:29,641 - INFO - Email server completed
2024-02-04 20:07:29,641 - ERROR - Mail Error: 'NoneType' object has no attribute 'sendmail'
2024-02-04 20:07:29,641 - INFO - Email server completed
2024-02-04 20:07:29,642 - ERROR - Mail Error: 'NoneType' object has no attribute 'sendmail'
2024-02-04 20:07:29,642 - INFO - Email server completed
2024-02-04 20:07:29,642 - ERROR - Mail Error: 'NoneType' object has no attribute 'sendmail'
2024-02-04 20:07:29,642 - INFO - Email server completed
2024-02-04 20:07:30,643 - INFO - 2024-02-04 20:07:30 - Run loop completed...
2024-02-04 20:07:31,645 - INFO - 2024-02-04 20:07:31 - Run loop completed...
2024-02-04 20:07:32,650 - INFO - 2024-02-04 20:07:32 - Run loop completed...
2024-02-04 20:07:33,653 - INFO - 2024-02-04 20:07:33 - Run loop completed...
2024-02-04 20:07:34,658 - INFO - 2024-02-04 20:07:34 - Run loop completed...
2024-02-04 20:07:35,664 - INFO - 2024-02-04 20:07:35 - Run loop completed...
2024-02-04 20:07:36,665 - INFO - 2024-02-04 20:07:36 - Run loop completed...
2024-02-04 20:07:37,671 - INFO - 2024-02-04 20:07:37 - Run loop completed...
2024-02-04 20:07:38,676 - INFO - 2024-02-04 20:07:38 - Run loop completed...
2024-02-04 20:07:39,681 - INFO - 2024-02-04 20:07:39 - Run loop completed...
2024-02-04 20:07:40,684 - INFO - 2024-02-04 20:07:40 - Run loop completed...
2024-02-04 20:07:41,687 - INFO - 2024-02-04 20:07:41 - Run loop completed...
2024-02-04 20:07:42,692 - INFO - 2024-02-04 20:07:42 - Run loop completed...
2024-02-04 20:07:43,697 - INFO - 2024-02-04 20:07:43 - Run loop completed...
2024-02-04 20:07:44,702 - INFO - 2024-02-04 20:07:44 - Run loop completed...
2024-02-04 20:07:45,708 - INFO - 2024-02-04 20:07:45 - Run loop completed...
2024-02-04 20:07:46,711 - INFO - 2024-02-04 20:07:46 - Run loop completed...
2024-02-04 20:07:47,715 - INFO - 2024-02-04 20:07:47 - Run loop completed...
2024-02-04 20:07:48,717 - INFO - 2024-02-04 20:07:48 - Run loop completed...
2024-02-04 20:07:49,723 - INFO - 2024-02-04 20:07:49 - Run loop completed...
2024-02-04 20:07:50,729 - INFO - 2024-02-04 20:07:50 - Run loop completed...
2024-02-04 20:07:51,316 - INFO - 2024-02-04 20:07:51 - End schedule by User Input...
2024-02-04 20:08:34,666 - INFO - 2024-02-04 20:08:34 - Init schedule...
2024-02-04 20:08:35,533 - ERROR - 2024-02-04 20:08:35 - Error in mail_server... exit code 101: Connection unexpectedly closed
2024-02-04 20:08:35,535 - ERROR - Mail Error: 'NoneType' object has no attribute 'sendmail'
2024-02-04 20:08:35,536 - INFO - Email server completed
2024-02-04 20:08:35,536 - ERROR - Mail Error: 'NoneType' object has no attribute 'sendmail'
2024-02-04 20:08:35,536 - INFO - Email server completed
2024-02-04 20:08:35,537 - ERROR - Mail Error: 'NoneType' object has no attribute 'sendmail'
2024-02-04 20:08:35,537 - INFO - Email server completed
2024-02-04 20:08:35,537 - ERROR - Mail Error: 'NoneType' object has no attribute 'sendmail'
2024-02-04 20:08:35,537 - INFO - Email server completed
2024-02-04 20:08:35,537 - ERROR - Mail Error: 'NoneType' object has no attribute 'sendmail'
2024-02-04 20:08:35,538 - INFO - Email server completed
2024-02-04 20:08:35,538 - ERROR - Mail Error: 'NoneType' object has no attribute 'sendmail'
2024-02-04 20:08:35,538 - INFO - Email server completed
2024-02-04 20:08:35,538 - ERROR - Mail Error: 'NoneType' object has no attribute 'sendmail'
2024-02-04 20:08:35,538 - INFO - Email server completed
2024-02-04 20:08:35,538 - ERROR - Mail Error: 'NoneType' object has no attribute 'sendmail'
2024-02-04 20:08:35,538 - INFO - Email server completed
2024-02-04 20:08:35,538 - ERROR - Mail Error: 'NoneType' object has no attribute 'sendmail'
2024-02-04 20:08:35,538 - INFO - Email server completed
2024-02-04 20:08:35,539 - ERROR - Mail Error: 'NoneType' object has no attribute 'sendmail'
2024-02-04 20:08:35,539 - INFO - Email server completed
2024-02-04 20:08:36,540 - INFO - 2024-02-04 20:08:36 - Run loop completed...
2024-02-04 20:08:37,446 - INFO - 2024-02-04 20:08:37 - End schedule by User Input...
